14-Feb-2019 15:38:07.207 严重 [http-nio-8080-exec-5] org.apache.catalina.core.StandardWrapperValve.invoke Servlet.service() for servlet [jsp] in context with path [] threw exception [Unable to compile class for JSP: 

An error occurred at line: [14] in the generated java file: [C:\Users\Administrator\mygit\my\ueditor1_4_3_3-utf8-jsp-tomcat\tomcat-8.5.38\work\Catalina\localhost\ROOT\org\apache\jsp\jsp\controller_jsp.java]
Only a type can be imported. com.baidu.ueditor.ActionEnter resolves to a package

An error occurred at line: [12] in the jsp file: [/jsp/controller.jsp]
ActionEnter cannot be resolved to a type
9: 	
10: 	String rootPath = application.getRealPath( "/" );
11: 	
12: 	out.write( new ActionEnter( request, rootPath ).exec() );
13: 	
14: %>


Stacktrace:] with root cause
 org.apache.jasper.JasperException: Unable to compile class for JSP: 

An error occurred at line: [14] in the generated java file: [C:\Users\Administrator\mygit\my\ueditor1_4_3_3-utf8-jsp-tomcat\tomcat-8.5.38\work\Catalina\localhost\ROOT\org\apache\jsp\jsp\controller_jsp.java]
Only a type can be imported. com.baidu.ueditor.ActionEnter resolves to a package

An error occurred at line: [12] in the jsp file: [/jsp/controller.jsp]
ActionEnter cannot be resolved to a type
9: 	
10: 	String rootPath = application.getRealPath( "/" );
11: 	
12: 	out.write( new ActionEnter( request, rootPath ).exec() );
13: 	
14: %>


Stacktrace:
	at org.apache.jasper.compiler.DefaultErrorHandler.javacError(DefaultErrorHandler.java:102)
	at org.apache.jasper.compiler.ErrorDispatcher.javacError(ErrorDispatcher.java:212)
	at org.apache.jasper.compiler.JDTCompiler.generateClass(JDTCompiler.java:495)
	at org.apache.jasper.compiler.Compiler.compile(Compiler.java:378)
	at org.apache.jasper.compiler.Compiler.compile(Compiler.java:350)
	at org.apache.jasper.compiler.Compiler.compile(Compiler.java:334)
	at org.apache.jasper.JspCompilationContext.compile(JspCompilationContext.java:595)
	at org.apache.jasper.servlet.JspServletWrapper.service(JspServletWrapper.java:399)
	at org.apache.jasper.servlet.JspServlet.serviceJspFile(JspServlet.java:386)
	at org.apache.jasper.servlet.JspServlet.service(JspServlet.java:330)
	at javax.servlet.http.HttpServlet.service(HttpServlet.java:742)
	at org.apache.catalina.core.ApplicationFilterChain.internalDoFilter(ApplicationFilterChain.java:231)
	at org.apache.catalina.core.ApplicationFilterChain.doFilter(ApplicationFilterChain.java:166)
	at org.apache.tomcat.websocket.server.WsFilter.doFilter(WsFilter.java:52)
	at org.apache.catalina.core.ApplicationFilterChain.internalDoFilter(ApplicationFilterChain.java:193)
	at org.apache.catalina.core.ApplicationFilterChain.doFilter(ApplicationFilterChain.java:166)
	at org.apache.catalina.core.StandardWrapperValve.invoke(StandardWrapperValve.java:199)
	at org.apache.catalina.core.StandardContextValve.invoke(StandardContextValve.java:96)
	at org.apache.catalina.authenticator.AuthenticatorBase.invoke(AuthenticatorBase.java:493)
	at org.apache.catalina.core.StandardHostValve.invoke(StandardHostValve.java:140)
	at org.apache.catalina.valves.ErrorReportValve.invoke(ErrorReportValve.java:81)
	at org.apache.catalina.valves.AbstractAccessLogValve.invoke(AbstractAccessLogValve.java:650)
	at org.apache.catalina.core.StandardEngineValve.invoke(StandardEngineValve.java:87)
	at org.apache.catalina.connector.CoyoteAdapter.service(CoyoteAdapter.java:342)
	at org.apache.coyote.http11.Http11Processor.service(Http11Processor.java:800)
	at org.apache.coyote.AbstractProcessorLight.process(AbstractProcessorLight.java:66)
	at org.apache.coyote.AbstractProtocol$ConnectionHandler.process(AbstractProtocol.java:806)
	at org.apache.tomcat.util.net.NioEndpoint$SocketProcessor.doRun(NioEndpoint.java:1498)
	at org.apache.tomcat.util.net.SocketProcessorBase.run(SocketProcessorBase.java:49)
	at java.util.concurrent.ThreadPoolExecutor.runWorker(ThreadPoolExecutor.java:1149)
	at java.util.concurrent.ThreadPoolExecutor$Worker.run(ThreadPoolExecutor.java:624)
	at org.apache.tomcat.util.threads.TaskThread$WrappingRunnable.run(TaskThread.java:61)
	at java.lang.Thread.run(Thread.java:748)

14-Feb-2019 15:39:41.893 严重 [http-nio-8080-exec-1] org.apache.catalina.core.StandardWrapperValve.invoke Servlet.service() for servlet [jsp] in context with path [] threw exception [Unable to compile class for JSP: 

An error occurred at line: [14] in the generated java file: [C:\Users\Administrator\mygit\my\ueditor1_4_3_3-utf8-jsp-tomcat\tomcat-8.5.38\work\Catalina\localhost\ROOT\org\apache\jsp\jsp\controller_jsp.java]
Only a type can be imported. com.baidu.ueditor.ActionEnter resolves to a package

An error occurred at line: [12] in the jsp file: [/jsp/controller.jsp]
ActionEnter cannot be resolved to a type
9: 	
10: 	String rootPath = application.getRealPath( "/" );
11: 	
12: 	out.write( new ActionEnter( request, rootPath ).exec() );
13: 	
14: %>


Stacktrace:] with root cause
 org.apache.jasper.JasperException: Unable to compile class for JSP: 

An error occurred at line: [14] in the generated java file: [C:\Users\Administrator\mygit\my\ueditor1_4_3_3-utf8-jsp-tomcat\tomcat-8.5.38\work\Catalina\localhost\ROOT\org\apache\jsp\jsp\controller_jsp.java]
Only a type can be imported. com.baidu.ueditor.ActionEnter resolves to a package

An error occurred at line: [12] in the jsp file: [/jsp/controller.jsp]
ActionEnter cannot be resolved to a type
9: 	
10: 	String rootPath = application.getRealPath( "/" );
11: 	
12: 	out.write( new ActionEnter( request, rootPath ).exec() );
13: 	
14: %>


Stacktrace:
	at org.apache.jasper.compiler.DefaultErrorHandler.javacError(DefaultErrorHandler.java:102)
	at org.apache.jasper.compiler.ErrorDispatcher.javacError(ErrorDispatcher.java:212)
	at org.apache.jasper.compiler.JDTCompiler.generateClass(JDTCompiler.java:495)
	at org.apache.jasper.compiler.Compiler.compile(Compiler.java:378)
	at org.apache.jasper.compiler.Compiler.compile(Compiler.java:350)
	at org.apache.jasper.compiler.Compiler.compile(Compiler.java:334)
	at org.apache.jasper.JspCompilationContext.compile(JspCompilationContext.java:595)
	at org.apache.jasper.servlet.JspServletWrapper.service(JspServletWrapper.java:399)
	at org.apache.jasper.servlet.JspServlet.serviceJspFile(JspServlet.java:386)
	at org.apache.jasper.servlet.JspServlet.service(JspServlet.java:330)
	at javax.servlet.http.HttpServlet.service(HttpServlet.java:742)
	at org.apache.catalina.core.ApplicationFilterChain.internalDoFilter(ApplicationFilterChain.java:231)
	at org.apache.catalina.core.ApplicationFilterChain.doFilter(ApplicationFilterChain.java:166)
	at org.apache.tomcat.websocket.server.WsFilter.doFilter(WsFilter.java:52)
	at org.apache.catalina.core.ApplicationFilterChain.internalDoFilter(ApplicationFilterChain.java:193)
	at org.apache.catalina.core.ApplicationFilterChain.doFilter(ApplicationFilterChain.java:166)
	at org.apache.catalina.core.StandardWrapperValve.invoke(StandardWrapperValve.java:199)
	at org.apache.catalina.core.StandardContextValve.invoke(StandardContextValve.java:96)
	at org.apache.catalina.authenticator.AuthenticatorBase.invoke(AuthenticatorBase.java:493)
	at org.apache.catalina.core.StandardHostValve.invoke(StandardHostValve.java:140)
	at org.apache.catalina.valves.ErrorReportValve.invoke(ErrorReportValve.java:81)
	at org.apache.catalina.valves.AbstractAccessLogValve.invoke(AbstractAccessLogValve.java:650)
	at org.apache.catalina.core.StandardEngineValve.invoke(StandardEngineValve.java:87)
	at org.apache.catalina.connector.CoyoteAdapter.service(CoyoteAdapter.java:342)
	at org.apache.coyote.http11.Http11Processor.service(Http11Processor.java:800)
	at org.apache.coyote.AbstractProcessorLight.process(AbstractProcessorLight.java:66)
	at org.apache.coyote.AbstractProtocol$ConnectionHandler.process(AbstractProtocol.java:806)
	at org.apache.tomcat.util.net.NioEndpoint$SocketProcessor.doRun(NioEndpoint.java:1498)
	at org.apache.tomcat.util.net.SocketProcessorBase.run(SocketProcessorBase.java:49)
	at java.util.concurrent.ThreadPoolExecutor.runWorker(ThreadPoolExecutor.java:1149)
	at java.util.concurrent.ThreadPoolExecutor$Worker.run(ThreadPoolExecutor.java:624)
	at org.apache.tomcat.util.threads.TaskThread$WrappingRunnable.run(TaskThread.java:61)
	at java.lang.Thread.run(Thread.java:748)

14-Feb-2019 15:39:54.692 严重 [http-nio-8080-exec-8] org.apache.catalina.core.StandardWrapperValve.invoke Servlet.service() for servlet [jsp] in context with path [] threw exception [Unable to compile class for JSP: 

An error occurred at line: [14] in the generated java file: [C:\Users\Administrator\mygit\my\ueditor1_4_3_3-utf8-jsp-tomcat\tomcat-8.5.38\work\Catalina\localhost\ROOT\org\apache\jsp\jsp\controller_jsp.java]
Only a type can be imported. com.baidu.ueditor.ActionEnter resolves to a package

An error occurred at line: [12] in the jsp file: [/jsp/controller.jsp]
ActionEnter cannot be resolved to a type
9: 	
10: 	String rootPath = application.getRealPath( "/" );
11: 	
12: 	out.write( new ActionEnter( request, rootPath ).exec() );
13: 	
14: %>


Stacktrace:] with root cause
 org.apache.jasper.JasperException: Unable to compile class for JSP: 

An error occurred at line: [14] in the generated java file: [C:\Users\Administrator\mygit\my\ueditor1_4_3_3-utf8-jsp-tomcat\tomcat-8.5.38\work\Catalina\localhost\ROOT\org\apache\jsp\jsp\controller_jsp.java]
Only a type can be imported. com.baidu.ueditor.ActionEnter resolves to a package

An error occurred at line: [12] in the jsp file: [/jsp/controller.jsp]
ActionEnter cannot be resolved to a type
9: 	
10: 	String rootPath = application.getRealPath( "/" );
11: 	
12: 	out.write( new ActionEnter( request, rootPath ).exec() );
13: 	
14: %>


Stacktrace:
	at org.apache.jasper.compiler.DefaultErrorHandler.javacError(DefaultErrorHandler.java:102)
	at org.apache.jasper.compiler.ErrorDispatcher.javacError(ErrorDispatcher.java:212)
	at org.apache.jasper.compiler.JDTCompiler.generateClass(JDTCompiler.java:495)
	at org.apache.jasper.compiler.Compiler.compile(Compiler.java:378)
	at org.apache.jasper.compiler.Compiler.compile(Compiler.java:350)
	at org.apache.jasper.compiler.Compiler.compile(Compiler.java:334)
	at org.apache.jasper.JspCompilationContext.compile(JspCompilationContext.java:595)
	at org.apache.jasper.servlet.JspServletWrapper.service(JspServletWrapper.java:399)
	at org.apache.jasper.servlet.JspServlet.serviceJspFile(JspServlet.java:386)
	at org.apache.jasper.servlet.JspServlet.service(JspServlet.java:330)
	at javax.servlet.http.HttpServlet.service(HttpServlet.java:742)
	at org.apache.catalina.core.ApplicationFilterChain.internalDoFilter(ApplicationFilterChain.java:231)
	at org.apache.catalina.core.ApplicationFilterChain.doFilter(ApplicationFilterChain.java:166)
	at org.apache.tomcat.websocket.server.WsFilter.doFilter(WsFilter.java:52)
	at org.apache.catalina.core.ApplicationFilterChain.internalDoFilter(ApplicationFilterChain.java:193)
	at org.apache.catalina.core.ApplicationFilterChain.doFilter(ApplicationFilterChain.java:166)
	at org.apache.catalina.core.StandardWrapperValve.invoke(StandardWrapperValve.java:199)
	at org.apache.catalina.core.StandardContextValve.invoke(StandardContextValve.java:96)
	at org.apache.catalina.authenticator.AuthenticatorBase.invoke(AuthenticatorBase.java:493)
	at org.apache.catalina.core.StandardHostValve.invoke(StandardHostValve.java:140)
	at org.apache.catalina.valves.ErrorReportValve.invoke(ErrorReportValve.java:81)
	at org.apache.catalina.valves.AbstractAccessLogValve.invoke(AbstractAccessLogValve.java:650)
	at org.apache.catalina.core.StandardEngineValve.invoke(StandardEngineValve.java:87)
	at org.apache.catalina.connector.CoyoteAdapter.service(CoyoteAdapter.java:342)
	at org.apache.coyote.http11.Http11Processor.service(Http11Processor.java:800)
	at org.apache.coyote.AbstractProcessorLight.process(AbstractProcessorLight.java:66)
	at org.apache.coyote.AbstractProtocol$ConnectionHandler.process(AbstractProtocol.java:806)
	at org.apache.tomcat.util.net.NioEndpoint$SocketProcessor.doRun(NioEndpoint.java:1498)
	at org.apache.tomcat.util.net.SocketProcessorBase.run(SocketProcessorBase.java:49)
	at java.util.concurrent.ThreadPoolExecutor.runWorker(ThreadPoolExecutor.java:1149)
	at java.util.concurrent.ThreadPoolExecutor$Worker.run(ThreadPoolExecutor.java:624)
	at org.apache.tomcat.util.threads.TaskThread$WrappingRunnable.run(TaskThread.java:61)
	at java.lang.Thread.run(Thread.java:748)

14-Feb-2019 15:39:59.212 严重 [http-nio-8080-exec-3] org.apache.catalina.core.StandardWrapperValve.invoke Servlet.service() for servlet [jsp] in context with path [] threw exception [Unable to compile class for JSP: 

An error occurred at line: [14] in the generated java file: [C:\Users\Administrator\mygit\my\ueditor1_4_3_3-utf8-jsp-tomcat\tomcat-8.5.38\work\Catalina\localhost\ROOT\org\apache\jsp\jsp\controller_jsp.java]
Only a type can be imported. com.baidu.ueditor.ActionEnter resolves to a package

An error occurred at line: [12] in the jsp file: [/jsp/controller.jsp]
ActionEnter cannot be resolved to a type
9: 	
10: 	String rootPath = application.getRealPath( "/" );
11: 	
12: 	out.write( new ActionEnter( request, rootPath ).exec() );
13: 	
14: %>


Stacktrace:] with root cause
 org.apache.jasper.JasperException: Unable to compile class for JSP: 

An error occurred at line: [14] in the generated java file: [C:\Users\Administrator\mygit\my\ueditor1_4_3_3-utf8-jsp-tomcat\tomcat-8.5.38\work\Catalina\localhost\ROOT\org\apache\jsp\jsp\controller_jsp.java]
Only a type can be imported. com.baidu.ueditor.ActionEnter resolves to a package

An error occurred at line: [12] in the jsp file: [/jsp/controller.jsp]
ActionEnter cannot be resolved to a type
9: 	
10: 	String rootPath = application.getRealPath( "/" );
11: 	
12: 	out.write( new ActionEnter( request, rootPath ).exec() );
13: 	
14: %>


Stacktrace:
	at org.apache.jasper.compiler.DefaultErrorHandler.javacError(DefaultErrorHandler.java:102)
	at org.apache.jasper.compiler.ErrorDispatcher.javacError(ErrorDispatcher.java:212)
	at org.apache.jasper.compiler.JDTCompiler.generateClass(JDTCompiler.java:495)
	at org.apache.jasper.compiler.Compiler.compile(Compiler.java:378)
	at org.apache.jasper.compiler.Compiler.compile(Compiler.java:350)
	at org.apache.jasper.compiler.Compiler.compile(Compiler.java:334)
	at org.apache.jasper.JspCompilationContext.compile(JspCompilationContext.java:595)
	at org.apache.jasper.servlet.JspServletWrapper.service(JspServletWrapper.java:399)
	at org.apache.jasper.servlet.JspServlet.serviceJspFile(JspServlet.java:386)
	at org.apache.jasper.servlet.JspServlet.service(JspServlet.java:330)
	at javax.servlet.http.HttpServlet.service(HttpServlet.java:742)
	at org.apache.catalina.core.ApplicationFilterChain.internalDoFilter(ApplicationFilterChain.java:231)
	at org.apache.catalina.core.ApplicationFilterChain.doFilter(ApplicationFilterChain.java:166)
	at org.apache.tomcat.websocket.server.WsFilter.doFilter(WsFilter.java:52)
	at org.apache.catalina.core.ApplicationFilterChain.internalDoFilter(ApplicationFilterChain.java:193)
	at org.apache.catalina.core.ApplicationFilterChain.doFilter(ApplicationFilterChain.java:166)
	at org.apache.catalina.core.StandardWrapperValve.invoke(StandardWrapperValve.java:199)
	at org.apache.catalina.core.StandardContextValve.invoke(StandardContextValve.java:96)
	at org.apache.catalina.authenticator.AuthenticatorBase.invoke(AuthenticatorBase.java:493)
	at org.apache.catalina.core.StandardHostValve.invoke(StandardHostValve.java:140)
	at org.apache.catalina.valves.ErrorReportValve.invoke(ErrorReportValve.java:81)
	at org.apache.catalina.valves.AbstractAccessLogValve.invoke(AbstractAccessLogValve.java:650)
	at org.apache.catalina.core.StandardEngineValve.invoke(StandardEngineValve.java:87)
	at org.apache.catalina.connector.CoyoteAdapter.service(CoyoteAdapter.java:342)
	at org.apache.coyote.http11.Http11Processor.service(Http11Processor.java:800)
	at org.apache.coyote.AbstractProcessorLight.process(AbstractProcessorLight.java:66)
	at org.apache.coyote.AbstractProtocol$ConnectionHandler.process(AbstractProtocol.java:806)
	at org.apache.tomcat.util.net.NioEndpoint$SocketProcessor.doRun(NioEndpoint.java:1498)
	at org.apache.tomcat.util.net.SocketProcessorBase.run(SocketProcessorBase.java:49)
	at java.util.concurrent.ThreadPoolExecutor.runWorker(ThreadPoolExecutor.java:1149)
	at java.util.concurrent.ThreadPoolExecutor$Worker.run(ThreadPoolExecutor.java:624)
	at org.apache.tomcat.util.threads.TaskThread$WrappingRunnable.run(TaskThread.java:61)
	at java.lang.Thread.run(Thread.java:748)

14-Feb-2019 15:40:02.080 严重 [http-nio-8080-exec-9] org.apache.catalina.core.StandardWrapperValve.invoke Servlet.service() for servlet [jsp] in context with path [] threw exception [java.lang.ClassNotFoundException: org.apache.jsp.jsp.controller_jsp] with root cause
 java.lang.ClassNotFoundException: org.apache.jsp.jsp.controller_jsp
	at java.net.URLClassLoader.findClass(URLClassLoader.java:382)
	at org.apache.jasper.servlet.JasperLoader.loadClass(JasperLoader.java:129)
	at org.apache.jasper.servlet.JasperLoader.loadClass(JasperLoader.java:60)
	at org.apache.catalina.core.DefaultInstanceManager.newInstance(DefaultInstanceManager.java:159)
	at org.apache.jasper.servlet.JspServletWrapper.getServlet(JspServletWrapper.java:192)
	at org.apache.jasper.servlet.JspServletWrapper.service(JspServletWrapper.java:413)
	at org.apache.jasper.servlet.JspServlet.serviceJspFile(JspServlet.java:386)
	at org.apache.jasper.servlet.JspServlet.service(JspServlet.java:330)
	at javax.servlet.http.HttpServlet.service(HttpServlet.java:742)
	at org.apache.catalina.core.ApplicationFilterChain.internalDoFilter(ApplicationFilterChain.java:231)
	at org.apache.catalina.core.ApplicationFilterChain.doFilter(ApplicationFilterChain.java:166)
	at org.apache.tomcat.websocket.server.WsFilter.doFilter(WsFilter.java:52)
	at org.apache.catalina.core.ApplicationFilterChain.internalDoFilter(ApplicationFilterChain.java:193)
	at org.apache.catalina.core.ApplicationFilterChain.doFilter(ApplicationFilterChain.java:166)
	at org.apache.catalina.core.StandardWrapperValve.invoke(StandardWrapperValve.java:199)
	at org.apache.catalina.core.StandardContextValve.invoke(StandardContextValve.java:96)
	at org.apache.catalina.authenticator.AuthenticatorBase.invoke(AuthenticatorBase.java:493)
	at org.apache.catalina.core.StandardHostValve.invoke(StandardHostValve.java:140)
	at org.apache.catalina.valves.ErrorReportValve.invoke(ErrorReportValve.java:81)
	at org.apache.catalina.valves.AbstractAccessLogValve.invoke(AbstractAccessLogValve.java:650)
	at org.apache.catalina.core.StandardEngineValve.invoke(StandardEngineValve.java:87)
	at org.apache.catalina.connector.CoyoteAdapter.service(CoyoteAdapter.java:342)
	at org.apache.coyote.http11.Http11Processor.service(Http11Processor.java:800)
	at org.apache.coyote.AbstractProcessorLight.process(AbstractProcessorLight.java:66)
	at org.apache.coyote.AbstractProtocol$ConnectionHandler.process(AbstractProtocol.java:806)
	at org.apache.tomcat.util.net.NioEndpoint$SocketProcessor.doRun(NioEndpoint.java:1498)
	at org.apache.tomcat.util.net.SocketProcessorBase.run(SocketProcessorBase.java:49)
	at java.util.concurrent.ThreadPoolExecutor.runWorker(ThreadPoolExecutor.java:1149)
	at java.util.concurrent.ThreadPoolExecutor$Worker.run(ThreadPoolExecutor.java:624)
	at org.apache.tomcat.util.threads.TaskThread$WrappingRunnable.run(TaskThread.java:61)
	at java.lang.Thread.run(Thread.java:748)

14-Feb-2019 15:42:25.109 严重 [http-nio-8080-exec-10] org.apache.catalina.core.StandardWrapperValve.invoke Servlet.service() for servlet [jsp] in context with path [] threw exception [Unable to compile class for JSP: 

An error occurred at line: [14] in the generated java file: [C:\Users\Administrator\mygit\my\ueditor1_4_3_3-utf8-jsp-tomcat\tomcat-8.5.38\work\Catalina\localhost\ROOT\org\apache\jsp\jsp\controller_jsp.java]
Only a type can be imported. com.baidu.ueditor.ActionEnter resolves to a package

An error occurred at line: [12] in the jsp file: [/jsp/controller.jsp]
ActionEnter cannot be resolved to a type
9: 	
10: 	String rootPath = application.getRealPath( "/" );
11: 	
12: 	out.write( new ActionEnter( request, rootPath ).exec() );
13: 	
14: %>


Stacktrace:] with root cause
 org.apache.jasper.JasperException: Unable to compile class for JSP: 

An error occurred at line: [14] in the generated java file: [C:\Users\Administrator\mygit\my\ueditor1_4_3_3-utf8-jsp-tomcat\tomcat-8.5.38\work\Catalina\localhost\ROOT\org\apache\jsp\jsp\controller_jsp.java]
Only a type can be imported. com.baidu.ueditor.ActionEnter resolves to a package

An error occurred at line: [12] in the jsp file: [/jsp/controller.jsp]
ActionEnter cannot be resolved to a type
9: 	
10: 	String rootPath = application.getRealPath( "/" );
11: 	
12: 	out.write( new ActionEnter( request, rootPath ).exec() );
13: 	
14: %>


Stacktrace:
	at org.apache.jasper.compiler.DefaultErrorHandler.javacError(DefaultErrorHandler.java:102)
	at org.apache.jasper.compiler.ErrorDispatcher.javacError(ErrorDispatcher.java:212)
	at org.apache.jasper.compiler.JDTCompiler.generateClass(JDTCompiler.java:495)
	at org.apache.jasper.compiler.Compiler.compile(Compiler.java:378)
	at org.apache.jasper.compiler.Compiler.compile(Compiler.java:350)
	at org.apache.jasper.compiler.Compiler.compile(Compiler.java:334)
	at org.apache.jasper.JspCompilationContext.compile(JspCompilationContext.java:595)
	at org.apache.jasper.servlet.JspServletWrapper.service(JspServletWrapper.java:399)
	at org.apache.jasper.servlet.JspServlet.serviceJspFile(JspServlet.java:386)
	at org.apache.jasper.servlet.JspServlet.service(JspServlet.java:330)
	at javax.servlet.http.HttpServlet.service(HttpServlet.java:742)
	at org.apache.catalina.core.ApplicationFilterChain.internalDoFilter(ApplicationFilterChain.java:231)
	at org.apache.catalina.core.ApplicationFilterChain.doFilter(ApplicationFilterChain.java:166)
	at org.apache.tomcat.websocket.server.WsFilter.doFilter(WsFilter.java:52)
	at org.apache.catalina.core.ApplicationFilterChain.internalDoFilter(ApplicationFilterChain.java:193)
	at org.apache.catalina.core.ApplicationFilterChain.doFilter(ApplicationFilterChain.java:166)
	at org.apache.catalina.core.StandardWrapperValve.invoke(StandardWrapperValve.java:199)
	at org.apache.catalina.core.StandardContextValve.invoke(StandardContextValve.java:96)
	at org.apache.catalina.authenticator.AuthenticatorBase.invoke(AuthenticatorBase.java:493)
	at org.apache.catalina.core.StandardHostValve.invoke(StandardHostValve.java:140)
	at org.apache.catalina.valves.ErrorReportValve.invoke(ErrorReportValve.java:81)
	at org.apache.catalina.valves.AbstractAccessLogValve.invoke(AbstractAccessLogValve.java:650)
	at org.apache.catalina.core.StandardEngineValve.invoke(StandardEngineValve.java:87)
	at org.apache.catalina.connector.CoyoteAdapter.service(CoyoteAdapter.java:342)
	at org.apache.coyote.http11.Http11Processor.service(Http11Processor.java:800)
	at org.apache.coyote.AbstractProcessorLight.process(AbstractProcessorLight.java:66)
	at org.apache.coyote.AbstractProtocol$ConnectionHandler.process(AbstractProtocol.java:806)
	at org.apache.tomcat.util.net.NioEndpoint$SocketProcessor.doRun(NioEndpoint.java:1498)
	at org.apache.tomcat.util.net.SocketProcessorBase.run(SocketProcessorBase.java:49)
	at java.util.concurrent.ThreadPoolExecutor.runWorker(ThreadPoolExecutor.java:1149)
	at java.util.concurrent.ThreadPoolExecutor$Worker.run(ThreadPoolExecutor.java:624)
	at org.apache.tomcat.util.threads.TaskThread$WrappingRunnable.run(TaskThread.java:61)
	at java.lang.Thread.run(Thread.java:748)

14-Feb-2019 15:42:34.046 严重 [http-nio-8080-exec-7] org.apache.catalina.core.StandardWrapperValve.invoke Servlet.service() for servlet [jsp] in context with path [] threw exception [Unable to compile class for JSP: 

An error occurred at line: [14] in the generated java file: [C:\Users\Administrator\mygit\my\ueditor1_4_3_3-utf8-jsp-tomcat\tomcat-8.5.38\work\Catalina\localhost\ROOT\org\apache\jsp\jsp\controller_jsp.java]
Only a type can be imported. com.baidu.ueditor.ActionEnter resolves to a package

An error occurred at line: [12] in the jsp file: [/jsp/controller.jsp]
ActionEnter cannot be resolved to a type
9: 	
10: 	String rootPath = application.getRealPath( "/" );
11: 	
12: 	out.write( new ActionEnter( request, rootPath ).exec() );
13: 	
14: %>


Stacktrace:] with root cause
 org.apache.jasper.JasperException: Unable to compile class for JSP: 

An error occurred at line: [14] in the generated java file: [C:\Users\Administrator\mygit\my\ueditor1_4_3_3-utf8-jsp-tomcat\tomcat-8.5.38\work\Catalina\localhost\ROOT\org\apache\jsp\jsp\controller_jsp.java]
Only a type can be imported. com.baidu.ueditor.ActionEnter resolves to a package

An error occurred at line: [12] in the jsp file: [/jsp/controller.jsp]
ActionEnter cannot be resolved to a type
9: 	
10: 	String rootPath = application.getRealPath( "/" );
11: 	
12: 	out.write( new ActionEnter( request, rootPath ).exec() );
13: 	
14: %>


Stacktrace:
	at org.apache.jasper.compiler.DefaultErrorHandler.javacError(DefaultErrorHandler.java:102)
	at org.apache.jasper.compiler.ErrorDispatcher.javacError(ErrorDispatcher.java:212)
	at org.apache.jasper.compiler.JDTCompiler.generateClass(JDTCompiler.java:495)
	at org.apache.jasper.compiler.Compiler.compile(Compiler.java:378)
	at org.apache.jasper.compiler.Compiler.compile(Compiler.java:350)
	at org.apache.jasper.compiler.Compiler.compile(Compiler.java:334)
	at org.apache.jasper.JspCompilationContext.compile(JspCompilationContext.java:595)
	at org.apache.jasper.servlet.JspServletWrapper.service(JspServletWrapper.java:399)
	at org.apache.jasper.servlet.JspServlet.serviceJspFile(JspServlet.java:386)
	at org.apache.jasper.servlet.JspServlet.service(JspServlet.java:330)
	at javax.servlet.http.HttpServlet.service(HttpServlet.java:742)
	at org.apache.catalina.core.ApplicationFilterChain.internalDoFilter(ApplicationFilterChain.java:231)
	at org.apache.catalina.core.ApplicationFilterChain.doFilter(ApplicationFilterChain.java:166)
	at org.apache.tomcat.websocket.server.WsFilter.doFilter(WsFilter.java:52)
	at org.apache.catalina.core.ApplicationFilterChain.internalDoFilter(ApplicationFilterChain.java:193)
	at org.apache.catalina.core.ApplicationFilterChain.doFilter(ApplicationFilterChain.java:166)
	at org.apache.catalina.core.StandardWrapperValve.invoke(StandardWrapperValve.java:199)
	at org.apache.catalina.core.StandardContextValve.invoke(StandardContextValve.java:96)
	at org.apache.catalina.authenticator.AuthenticatorBase.invoke(AuthenticatorBase.java:493)
	at org.apache.catalina.core.StandardHostValve.invoke(StandardHostValve.java:140)
	at org.apache.catalina.valves.ErrorReportValve.invoke(ErrorReportValve.java:81)
	at org.apache.catalina.valves.AbstractAccessLogValve.invoke(AbstractAccessLogValve.java:650)
	at org.apache.catalina.core.StandardEngineValve.invoke(StandardEngineValve.java:87)
	at org.apache.catalina.connector.CoyoteAdapter.service(CoyoteAdapter.java:342)
	at org.apache.coyote.http11.Http11Processor.service(Http11Processor.java:800)
	at org.apache.coyote.AbstractProcessorLight.process(AbstractProcessorLight.java:66)
	at org.apache.coyote.AbstractProtocol$ConnectionHandler.process(AbstractProtocol.java:806)
	at org.apache.tomcat.util.net.NioEndpoint$SocketProcessor.doRun(NioEndpoint.java:1498)
	at org.apache.tomcat.util.net.SocketProcessorBase.run(SocketProcessorBase.java:49)
	at java.util.concurrent.ThreadPoolExecutor.runWorker(ThreadPoolExecutor.java:1149)
	at java.util.concurrent.ThreadPoolExecutor$Worker.run(ThreadPoolExecutor.java:624)
	at org.apache.tomcat.util.threads.TaskThread$WrappingRunnable.run(TaskThread.java:61)
	at java.lang.Thread.run(Thread.java:748)

14-Feb-2019 15:47:03.681 严重 [http-nio-8080-exec-10] org.apache.catalina.core.StandardWrapperValve.invoke Servlet.service() for servlet [jsp] in context with path [] threw exception [Unable to compile class for JSP: 

An error occurred at line: [14] in the generated java file: [C:\Users\Administrator\mygit\my\ueditor1_4_3_3-utf8-jsp-tomcat\tomcat-8.5.38\work\Catalina\localhost\ROOT\org\apache\jsp\jsp\controller_jsp.java]
Only a type can be imported. com.baidu.ueditor.ActionEnter resolves to a package

An error occurred at line: [12] in the jsp file: [/jsp/controller.jsp]
ActionEnter cannot be resolved to a type
9: 	
10: 	String rootPath = application.getRealPath( "/" );
11: 	
12: 	out.write( new ActionEnter( request, rootPath ).exec() );
13: 	
14: %>


Stacktrace:] with root cause
 org.apache.jasper.JasperException: Unable to compile class for JSP: 

An error occurred at line: [14] in the generated java file: [C:\Users\Administrator\mygit\my\ueditor1_4_3_3-utf8-jsp-tomcat\tomcat-8.5.38\work\Catalina\localhost\ROOT\org\apache\jsp\jsp\controller_jsp.java]
Only a type can be imported. com.baidu.ueditor.ActionEnter resolves to a package

An error occurred at line: [12] in the jsp file: [/jsp/controller.jsp]
ActionEnter cannot be resolved to a type
9: 	
10: 	String rootPath = application.getRealPath( "/" );
11: 	
12: 	out.write( new ActionEnter( request, rootPath ).exec() );
13: 	
14: %>


Stacktrace:
	at org.apache.jasper.compiler.DefaultErrorHandler.javacError(DefaultErrorHandler.java:102)
	at org.apache.jasper.compiler.ErrorDispatcher.javacError(ErrorDispatcher.java:212)
	at org.apache.jasper.compiler.JDTCompiler.generateClass(JDTCompiler.java:495)
	at org.apache.jasper.compiler.Compiler.compile(Compiler.java:378)
	at org.apache.jasper.compiler.Compiler.compile(Compiler.java:350)
	at org.apache.jasper.compiler.Compiler.compile(Compiler.java:334)
	at org.apache.jasper.JspCompilationContext.compile(JspCompilationContext.java:595)
	at org.apache.jasper.servlet.JspServletWrapper.service(JspServletWrapper.java:399)
	at org.apache.jasper.servlet.JspServlet.serviceJspFile(JspServlet.java:386)
	at org.apache.jasper.servlet.JspServlet.service(JspServlet.java:330)
	at javax.servlet.http.HttpServlet.service(HttpServlet.java:742)
	at org.apache.catalina.core.ApplicationFilterChain.internalDoFilter(ApplicationFilterChain.java:231)
	at org.apache.catalina.core.ApplicationFilterChain.doFilter(ApplicationFilterChain.java:166)
	at org.apache.tomcat.websocket.server.WsFilter.doFilter(WsFilter.java:52)
	at org.apache.catalina.core.ApplicationFilterChain.internalDoFilter(ApplicationFilterChain.java:193)
	at org.apache.catalina.core.ApplicationFilterChain.doFilter(ApplicationFilterChain.java:166)
	at org.apache.catalina.core.StandardWrapperValve.invoke(StandardWrapperValve.java:199)
	at org.apache.catalina.core.StandardContextValve.invoke(StandardContextValve.java:96)
	at org.apache.catalina.authenticator.AuthenticatorBase.invoke(AuthenticatorBase.java:493)
	at org.apache.catalina.core.StandardHostValve.invoke(StandardHostValve.java:140)
	at org.apache.catalina.valves.ErrorReportValve.invoke(ErrorReportValve.java:81)
	at org.apache.catalina.valves.AbstractAccessLogValve.invoke(AbstractAccessLogValve.java:650)
	at org.apache.catalina.core.StandardEngineValve.invoke(StandardEngineValve.java:87)
	at org.apache.catalina.connector.CoyoteAdapter.service(CoyoteAdapter.java:342)
	at org.apache.coyote.http11.Http11Processor.service(Http11Processor.java:800)
	at org.apache.coyote.AbstractProcessorLight.process(AbstractProcessorLight.java:66)
	at org.apache.coyote.AbstractProtocol$ConnectionHandler.process(AbstractProtocol.java:806)
	at org.apache.tomcat.util.net.NioEndpoint$SocketProcessor.doRun(NioEndpoint.java:1498)
	at org.apache.tomcat.util.net.SocketProcessorBase.run(SocketProcessorBase.java:49)
	at java.util.concurrent.ThreadPoolExecutor.runWorker(ThreadPoolExecutor.java:1149)
	at java.util.concurrent.ThreadPoolExecutor$Worker.run(ThreadPoolExecutor.java:624)
	at org.apache.tomcat.util.threads.TaskThread$WrappingRunnable.run(TaskThread.java:61)
	at java.lang.Thread.run(Thread.java:748)

